<?xml version="1.0" encoding="UTF-8"?>
<testsuite xmlns:xsi="http://www.w3.org/2001/XMLSchema-instance" xsi:noNamespaceSchemaLocation="https://maven.apache.org/surefire/maven-surefire-plugin/xsd/surefire-test-report.xsd" name="site.nomoreparties.stellarburgers.SignUpTest" time="13.184" tests="2" errors="0" skipped="0" failures="1">
  <properties>
    <property name="sun.desktop" value="windows"/>
    <property name="awt.toolkit" value="sun.awt.windows.WToolkit"/>
    <property name="java.specification.version" value="11"/>
    <property name="sun.cpu.isalist" value="amd64"/>
    <property name="sun.jnu.encoding" value="Cp1251"/>
    <property name="java.class.path" value="C:\Diplom\QA-java-diplom-3\target\test-classes;C:\Diplom\QA-java-diplom-3\target\classes;C:\Users\aazhi\.m2\repository\com\fasterxml\jackson\core\jackson-databind\2.13.0\jackson-databind-2.13.0.jar;C:\Users\aazhi\.m2\repository\com\fasterxml\jackson\core\jackson-annotations\2.13.0\jackson-annotations-2.13.0.jar;C:\Users\aazhi\.m2\repository\com\fasterxml\jackson\core\jackson-core\2.13.0\jackson-core-2.13.0.jar;C:\Users\aazhi\.m2\repository\org\seleniumhq\selenium\selenium-java\3.141.59\selenium-java-3.141.59.jar;C:\Users\aazhi\.m2\repository\org\seleniumhq\selenium\selenium-api\3.141.59\selenium-api-3.141.59.jar;C:\Users\aazhi\.m2\repository\org\seleniumhq\selenium\selenium-chrome-driver\3.141.59\selenium-chrome-driver-3.141.59.jar;C:\Users\aazhi\.m2\repository\org\seleniumhq\selenium\selenium-edge-driver\3.141.59\selenium-edge-driver-3.141.59.jar;C:\Users\aazhi\.m2\repository\org\seleniumhq\selenium\selenium-firefox-driver\3.141.59\selenium-firefox-driver-3.141.59.jar;C:\Users\aazhi\.m2\repository\org\seleniumhq\selenium\selenium-ie-driver\3.141.59\selenium-ie-driver-3.141.59.jar;C:\Users\aazhi\.m2\repository\org\seleniumhq\selenium\selenium-opera-driver\3.141.59\selenium-opera-driver-3.141.59.jar;C:\Users\aazhi\.m2\repository\org\seleniumhq\selenium\selenium-remote-driver\3.141.59\selenium-remote-driver-3.141.59.jar;C:\Users\aazhi\.m2\repository\org\seleniumhq\selenium\selenium-safari-driver\3.141.59\selenium-safari-driver-3.141.59.jar;C:\Users\aazhi\.m2\repository\org\seleniumhq\selenium\selenium-support\3.141.59\selenium-support-3.141.59.jar;C:\Users\aazhi\.m2\repository\net\bytebuddy\byte-buddy\1.8.15\byte-buddy-1.8.15.jar;C:\Users\aazhi\.m2\repository\org\apache\commons\commons-exec\1.3\commons-exec-1.3.jar;C:\Users\aazhi\.m2\repository\com\google\guava\guava\25.0-jre\guava-25.0-jre.jar;C:\Users\aazhi\.m2\repository\com\google\code\findbugs\jsr305\1.3.9\jsr305-1.3.9.jar;C:\Users\aazhi\.m2\repository\org\checkerframework\checker-compat-qual\2.0.0\checker-compat-qual-2.0.0.jar;C:\Users\aazhi\.m2\repository\com\google\errorprone\error_prone_annotations\2.1.3\error_prone_annotations-2.1.3.jar;C:\Users\aazhi\.m2\repository\com\google\j2objc\j2objc-annotations\1.1\j2objc-annotations-1.1.jar;C:\Users\aazhi\.m2\repository\org\codehaus\mojo\animal-sniffer-annotations\1.14\animal-sniffer-annotations-1.14.jar;C:\Users\aazhi\.m2\repository\com\squareup\okhttp3\okhttp\3.11.0\okhttp-3.11.0.jar;C:\Users\aazhi\.m2\repository\com\squareup\okio\okio\1.14.0\okio-1.14.0.jar;C:\Users\aazhi\.m2\repository\com\codeborne\selenide\5.23.2\selenide-5.23.2.jar;C:\Users\aazhi\.m2\repository\io\github\bonigarcia\webdrivermanager\4.4.3\webdrivermanager-4.4.3.jar;C:\Users\aazhi\.m2\repository\commons-io\commons-io\2.8.0\commons-io-2.8.0.jar;C:\Users\aazhi\.m2\repository\org\apache\commons\commons-lang3\3.12.0\commons-lang3-3.12.0.jar;C:\Users\aazhi\.m2\repository\org\jsoup\jsoup\1.13.1\jsoup-1.13.1.jar;C:\Users\aazhi\.m2\repository\org\rauschig\jarchivelib\1.1.0\jarchivelib-1.1.0.jar;C:\Users\aazhi\.m2\repository\org\apache\commons\commons-compress\1.20\commons-compress-1.20.jar;C:\Users\aazhi\.m2\repository\org\apache\httpcomponents\client5\httpclient5\5.1\httpclient5-5.1.jar;C:\Users\aazhi\.m2\repository\org\apache\httpcomponents\core5\httpcore5\5.1.1\httpcore5-5.1.1.jar;C:\Users\aazhi\.m2\repository\org\apache\httpcomponents\core5\httpcore5-h2\5.1.1\httpcore5-h2-5.1.1.jar;C:\Users\aazhi\.m2\repository\commons-codec\commons-codec\1.15\commons-codec-1.15.jar;C:\Users\aazhi\.m2\repository\org\slf4j\slf4j-api\1.7.32\slf4j-api-1.7.32.jar;C:\Users\aazhi\.m2\repository\io\rest-assured\rest-assured\4.4.0\rest-assured-4.4.0.jar;C:\Users\aazhi\.m2\repository\org\codehaus\groovy\groovy\3.0.8\groovy-3.0.8.jar;C:\Users\aazhi\.m2\repository\org\codehaus\groovy\groovy-xml\3.0.8\groovy-xml-3.0.8.jar;C:\Users\aazhi\.m2\repository\org\apache\httpcomponents\httpclient\4.5.13\httpclient-4.5.13.jar;C:\Users\aazhi\.m2\repository\org\apache\httpcomponents\httpcore\4.4.13\httpcore-4.4.13.jar;C:\Users\aazhi\.m2\repository\commons-logging\commons-logging\1.2\commons-logging-1.2.jar;C:\Users\aazhi\.m2\repository\org\apache\httpcomponents\httpmime\4.5.13\httpmime-4.5.13.jar;C:\Users\aazhi\.m2\repository\org\hamcrest\hamcrest\2.1\hamcrest-2.1.jar;C:\Users\aazhi\.m2\repository\org\ccil\cowan\tagsoup\tagsoup\1.2.1\tagsoup-1.2.1.jar;C:\Users\aazhi\.m2\repository\io\rest-assured\json-path\4.4.0\json-path-4.4.0.jar;C:\Users\aazhi\.m2\repository\org\codehaus\groovy\groovy-json\3.0.8\groovy-json-3.0.8.jar;C:\Users\aazhi\.m2\repository\io\rest-assured\rest-assured-common\4.4.0\rest-assured-common-4.4.0.jar;C:\Users\aazhi\.m2\repository\io\rest-assured\xml-path\4.4.0\xml-path-4.4.0.jar;C:\Users\aazhi\.m2\repository\jakarta\xml\bind\jakarta.xml.bind-api\2.3.3\jakarta.xml.bind-api-2.3.3.jar;C:\Users\aazhi\.m2\repository\jakarta\activation\jakarta.activation-api\1.2.2\jakarta.activation-api-1.2.2.jar;C:\Users\aazhi\.m2\repository\com\sun\xml\bind\jaxb-impl\2.3.3\jaxb-impl-2.3.3.jar;C:\Users\aazhi\.m2\repository\io\qameta\allure\allure-junit4\2.16.1\allure-junit4-2.16.1.jar;C:\Users\aazhi\.m2\repository\io\qameta\allure\allure-java-commons\2.16.1\allure-java-commons-2.16.1.jar;C:\Users\aazhi\.m2\repository\io\qameta\allure\allure-model\2.16.1\allure-model-2.16.1.jar;C:\Users\aazhi\.m2\repository\io\qameta\allure\allure-rest-assured\2.16.1\allure-rest-assured-2.16.1.jar;C:\Users\aazhi\.m2\repository\io\qameta\allure\allure-attachments\2.16.1\allure-attachments-2.16.1.jar;C:\Users\aazhi\.m2\repository\org\freemarker\freemarker\2.3.31\freemarker-2.3.31.jar;C:\Users\aazhi\.m2\repository\com\google\code\gson\gson\2.8.9\gson-2.8.9.jar;C:\Users\aazhi\.m2\repository\junit\junit\4.13.2\junit-4.13.2.jar;C:\Users\aazhi\.m2\repository\org\hamcrest\hamcrest-core\1.3\hamcrest-core-1.3.jar;C:\Users\aazhi\.m2\repository\io\qameta\allure\allure-selenide\2.17.2\allure-selenide-2.17.2.jar;"/>
    <property name="java.vm.vendor" value="Amazon.com Inc."/>
    <property name="sun.arch.data.model" value="64"/>
    <property name="user.variant" value=""/>
    <property name="java.vendor.url" value="https://aws.amazon.com/corretto/"/>
    <property name="user.timezone" value="Europe/Moscow"/>
    <property name="java.vm.specification.version" value="11"/>
    <property name="os.name" value="Windows 10"/>
    <property name="sun.java.launcher" value="SUN_STANDARD"/>
    <property name="user.country" value="RU"/>
    <property name="sun.boot.library.path" value="C:\Program Files\Amazon Corretto\jdk11.0.12_7\bin"/>
    <property name="sun.java.command" value="C:\Users\aazhi\AppData\Local\Temp\surefire7289915183249591412\surefirebooter16491837846593481235.jar C:\Users\aazhi\AppData\Local\Temp\surefire7289915183249591412 2022-02-10T10-46-40_999-jvmRun1 surefire9669731304386418346tmp surefire_013239083472226287791tmp"/>
    <property name="jdk.debug" value="release"/>
    <property name="surefire.test.class.path" value="C:\Diplom\QA-java-diplom-3\target\test-classes;C:\Diplom\QA-java-diplom-3\target\classes;C:\Users\aazhi\.m2\repository\com\fasterxml\jackson\core\jackson-databind\2.13.0\jackson-databind-2.13.0.jar;C:\Users\aazhi\.m2\repository\com\fasterxml\jackson\core\jackson-annotations\2.13.0\jackson-annotations-2.13.0.jar;C:\Users\aazhi\.m2\repository\com\fasterxml\jackson\core\jackson-core\2.13.0\jackson-core-2.13.0.jar;C:\Users\aazhi\.m2\repository\org\seleniumhq\selenium\selenium-java\3.141.59\selenium-java-3.141.59.jar;C:\Users\aazhi\.m2\repository\org\seleniumhq\selenium\selenium-api\3.141.59\selenium-api-3.141.59.jar;C:\Users\aazhi\.m2\repository\org\seleniumhq\selenium\selenium-chrome-driver\3.141.59\selenium-chrome-driver-3.141.59.jar;C:\Users\aazhi\.m2\repository\org\seleniumhq\selenium\selenium-edge-driver\3.141.59\selenium-edge-driver-3.141.59.jar;C:\Users\aazhi\.m2\repository\org\seleniumhq\selenium\selenium-firefox-driver\3.141.59\selenium-firefox-driver-3.141.59.jar;C:\Users\aazhi\.m2\repository\org\seleniumhq\selenium\selenium-ie-driver\3.141.59\selenium-ie-driver-3.141.59.jar;C:\Users\aazhi\.m2\repository\org\seleniumhq\selenium\selenium-opera-driver\3.141.59\selenium-opera-driver-3.141.59.jar;C:\Users\aazhi\.m2\repository\org\seleniumhq\selenium\selenium-remote-driver\3.141.59\selenium-remote-driver-3.141.59.jar;C:\Users\aazhi\.m2\repository\org\seleniumhq\selenium\selenium-safari-driver\3.141.59\selenium-safari-driver-3.141.59.jar;C:\Users\aazhi\.m2\repository\org\seleniumhq\selenium\selenium-support\3.141.59\selenium-support-3.141.59.jar;C:\Users\aazhi\.m2\repository\net\bytebuddy\byte-buddy\1.8.15\byte-buddy-1.8.15.jar;C:\Users\aazhi\.m2\repository\org\apache\commons\commons-exec\1.3\commons-exec-1.3.jar;C:\Users\aazhi\.m2\repository\com\google\guava\guava\25.0-jre\guava-25.0-jre.jar;C:\Users\aazhi\.m2\repository\com\google\code\findbugs\jsr305\1.3.9\jsr305-1.3.9.jar;C:\Users\aazhi\.m2\repository\org\checkerframework\checker-compat-qual\2.0.0\checker-compat-qual-2.0.0.jar;C:\Users\aazhi\.m2\repository\com\google\errorprone\error_prone_annotations\2.1.3\error_prone_annotations-2.1.3.jar;C:\Users\aazhi\.m2\repository\com\google\j2objc\j2objc-annotations\1.1\j2objc-annotations-1.1.jar;C:\Users\aazhi\.m2\repository\org\codehaus\mojo\animal-sniffer-annotations\1.14\animal-sniffer-annotations-1.14.jar;C:\Users\aazhi\.m2\repository\com\squareup\okhttp3\okhttp\3.11.0\okhttp-3.11.0.jar;C:\Users\aazhi\.m2\repository\com\squareup\okio\okio\1.14.0\okio-1.14.0.jar;C:\Users\aazhi\.m2\repository\com\codeborne\selenide\5.23.2\selenide-5.23.2.jar;C:\Users\aazhi\.m2\repository\io\github\bonigarcia\webdrivermanager\4.4.3\webdrivermanager-4.4.3.jar;C:\Users\aazhi\.m2\repository\commons-io\commons-io\2.8.0\commons-io-2.8.0.jar;C:\Users\aazhi\.m2\repository\org\apache\commons\commons-lang3\3.12.0\commons-lang3-3.12.0.jar;C:\Users\aazhi\.m2\repository\org\jsoup\jsoup\1.13.1\jsoup-1.13.1.jar;C:\Users\aazhi\.m2\repository\org\rauschig\jarchivelib\1.1.0\jarchivelib-1.1.0.jar;C:\Users\aazhi\.m2\repository\org\apache\commons\commons-compress\1.20\commons-compress-1.20.jar;C:\Users\aazhi\.m2\repository\org\apache\httpcomponents\client5\httpclient5\5.1\httpclient5-5.1.jar;C:\Users\aazhi\.m2\repository\org\apache\httpcomponents\core5\httpcore5\5.1.1\httpcore5-5.1.1.jar;C:\Users\aazhi\.m2\repository\org\apache\httpcomponents\core5\httpcore5-h2\5.1.1\httpcore5-h2-5.1.1.jar;C:\Users\aazhi\.m2\repository\commons-codec\commons-codec\1.15\commons-codec-1.15.jar;C:\Users\aazhi\.m2\repository\org\slf4j\slf4j-api\1.7.32\slf4j-api-1.7.32.jar;C:\Users\aazhi\.m2\repository\io\rest-assured\rest-assured\4.4.0\rest-assured-4.4.0.jar;C:\Users\aazhi\.m2\repository\org\codehaus\groovy\groovy\3.0.8\groovy-3.0.8.jar;C:\Users\aazhi\.m2\repository\org\codehaus\groovy\groovy-xml\3.0.8\groovy-xml-3.0.8.jar;C:\Users\aazhi\.m2\repository\org\apache\httpcomponents\httpclient\4.5.13\httpclient-4.5.13.jar;C:\Users\aazhi\.m2\repository\org\apache\httpcomponents\httpcore\4.4.13\httpcore-4.4.13.jar;C:\Users\aazhi\.m2\repository\commons-logging\commons-logging\1.2\commons-logging-1.2.jar;C:\Users\aazhi\.m2\repository\org\apache\httpcomponents\httpmime\4.5.13\httpmime-4.5.13.jar;C:\Users\aazhi\.m2\repository\org\hamcrest\hamcrest\2.1\hamcrest-2.1.jar;C:\Users\aazhi\.m2\repository\org\ccil\cowan\tagsoup\tagsoup\1.2.1\tagsoup-1.2.1.jar;C:\Users\aazhi\.m2\repository\io\rest-assured\json-path\4.4.0\json-path-4.4.0.jar;C:\Users\aazhi\.m2\repository\org\codehaus\groovy\groovy-json\3.0.8\groovy-json-3.0.8.jar;C:\Users\aazhi\.m2\repository\io\rest-assured\rest-assured-common\4.4.0\rest-assured-common-4.4.0.jar;C:\Users\aazhi\.m2\repository\io\rest-assured\xml-path\4.4.0\xml-path-4.4.0.jar;C:\Users\aazhi\.m2\repository\jakarta\xml\bind\jakarta.xml.bind-api\2.3.3\jakarta.xml.bind-api-2.3.3.jar;C:\Users\aazhi\.m2\repository\jakarta\activation\jakarta.activation-api\1.2.2\jakarta.activation-api-1.2.2.jar;C:\Users\aazhi\.m2\repository\com\sun\xml\bind\jaxb-impl\2.3.3\jaxb-impl-2.3.3.jar;C:\Users\aazhi\.m2\repository\io\qameta\allure\allure-junit4\2.16.1\allure-junit4-2.16.1.jar;C:\Users\aazhi\.m2\repository\io\qameta\allure\allure-java-commons\2.16.1\allure-java-commons-2.16.1.jar;C:\Users\aazhi\.m2\repository\io\qameta\allure\allure-model\2.16.1\allure-model-2.16.1.jar;C:\Users\aazhi\.m2\repository\io\qameta\allure\allure-rest-assured\2.16.1\allure-rest-assured-2.16.1.jar;C:\Users\aazhi\.m2\repository\io\qameta\allure\allure-attachments\2.16.1\allure-attachments-2.16.1.jar;C:\Users\aazhi\.m2\repository\org\freemarker\freemarker\2.3.31\freemarker-2.3.31.jar;C:\Users\aazhi\.m2\repository\com\google\code\gson\gson\2.8.9\gson-2.8.9.jar;C:\Users\aazhi\.m2\repository\junit\junit\4.13.2\junit-4.13.2.jar;C:\Users\aazhi\.m2\repository\org\hamcrest\hamcrest-core\1.3\hamcrest-core-1.3.jar;C:\Users\aazhi\.m2\repository\io\qameta\allure\allure-selenide\2.17.2\allure-selenide-2.17.2.jar;"/>
    <property name="sun.cpu.endian" value="little"/>
    <property name="allure.results.directory" value="C:\Diplom\QA-java-diplom-3\target/allure-results"/>
    <property name="user.home" value="C:\Users\aazhi"/>
    <property name="user.language" value="ru"/>
    <property name="java.specification.vendor" value="Oracle Corporation"/>
    <property name="java.version.date" value="2021-07-20"/>
    <property name="java.home" value="C:\Program Files\Amazon Corretto\jdk11.0.12_7"/>
    <property name="file.separator" value="\"/>
    <property name="basedir" value="C:\Diplom\QA-java-diplom-3"/>
    <property name="java.vm.compressedOopsMode" value="Zero based"/>
    <property name="line.separator" value="&#10;"/>
    <property name="java.specification.name" value="Java Platform API Specification"/>
    <property name="java.vm.specification.vendor" value="Oracle Corporation"/>
    <property name="java.awt.graphicsenv" value="sun.awt.Win32GraphicsEnvironment"/>
    <property name="surefire.real.class.path" value="C:\Users\aazhi\AppData\Local\Temp\surefire7289915183249591412\surefirebooter16491837846593481235.jar"/>
    <property name="user.script" value=""/>
    <property name="sun.management.compiler" value="HotSpot 64-Bit Tiered Compilers"/>
    <property name="java.runtime.version" value="11.0.12+7-LTS"/>
    <property name="user.name" value="aazhi"/>
    <property name="path.separator" value=";"/>
    <property name="os.version" value="10.0"/>
    <property name="java.runtime.name" value="OpenJDK Runtime Environment"/>
    <property name="file.encoding" value="Cp1251"/>
    <property name="java.vm.name" value="OpenJDK 64-Bit Server VM"/>
    <property name="java.vendor.version" value="Corretto-11.0.12.7.1"/>
    <property name="localRepository" value="C:\Users\aazhi\.m2\repository"/>
    <property name="java.vendor.url.bug" value="https://github.com/corretto/corretto-11/issues/"/>
    <property name="java.io.tmpdir" value="C:\Users\aazhi\AppData\Local\Temp\"/>
    <property name="idea.version" value="2021.2.2"/>
    <property name="java.version" value="11.0.12"/>
    <property name="user.dir" value="C:\Diplom\QA-java-diplom-3"/>
    <property name="os.arch" value="amd64"/>
    <property name="java.vm.specification.name" value="Java Virtual Machine Specification"/>
    <property name="java.awt.printerjob" value="sun.awt.windows.WPrinterJob"/>
    <property name="sun.os.patch.level" value=""/>
    <property name="java.library.path" value="C:\Program Files\Amazon Corretto\jdk11.0.12_7\bin;C:\windows\Sun\Java\bin;C:\windows\system32;C:\windows;C:\Program Files\Amazon Corretto\jdk11.0.12_7\bin;C:\Program Files (x86)\NVIDIA Corporation\PhysX\Common;C:\Python39\Scripts\;C:\Python39\;C:\windows\system32;C:\windows;C:\windows\System32\Wbem;C:\windows\System32\WindowsPowerShell\v1.0\;C:\windows\System32\OpenSSH\;C:\Program Files\nodejs\;C:\ProgramData\chocolatey\bin;C:\Program Files\Git\cmd;C:\Program Files\Git\mingw64\bin;C:\Program Files\Git\usr\bin;C:\Program Files\Docker\Docker\resources\bin;C:\ProgramData\DockerDesktop\version-bin;C:\Users\aazhi\AppData\Local\Microsoft\WindowsApps;C:\Users\aazhi\AppData\Roaming\npm;C:\apache-maven-3.8.2\bin;C:\WebDriver\bin;C:\geckodriver;C:\allure-commandline-2.16.1\allure-2.16.1\bin;;."/>
    <property name="java.vm.info" value="mixed mode"/>
    <property name="java.vendor" value="Amazon.com Inc."/>
    <property name="java.vm.version" value="11.0.12+7-LTS"/>
    <property name="sun.io.unicode.encoding" value="UnicodeLittle"/>
    <property name="java.class.version" value="55.0"/>
  </properties>
  <testcase name="checkSignUpWithIncorrectPassword" classname="site.nomoreparties.stellarburgers.SignUpTest" time="3.969"/>
  <testcase name="checkSignUpWithCorrectPassword" classname="site.nomoreparties.stellarburgers.SignUpTest" time="9.204">
    <failure message="Element not found {By.name: Name}&#10;Expected: exist&#10;Screenshot: file:/C:/Diplom/QA-java-diplom-3/build/reports/tests/1644479272966.0.png&#10;Page source: file:/C:/Diplom/QA-java-diplom-3/build/reports/tests/1644479272966.0.html&#10;Timeout: 4 s.&#10;Caused by: NoSuchElementException: no such element: Unable to locate element: {&quot;method&quot;:&quot;css selector&quot;,&quot;selector&quot;:&quot;*[name=&apos;Name&apos;]&quot;}" type="com.codeborne.selenide.ex.ElementNotFound">com.codeborne.selenide.ex.ElementNotFound: 
Element not found {By.name: Name}
Expected: exist
Screenshot: file:/C:/Diplom/QA-java-diplom-3/build/reports/tests/1644479272966.0.png
Page source: file:/C:/Diplom/QA-java-diplom-3/build/reports/tests/1644479272966.0.html
Timeout: 4 s.
Caused by: NoSuchElementException: no such element: Unable to locate element: {"method":"css selector","selector":"*[name='Name']"}
	at site.nomoreparties.stellarburgers.SignUpTest.checkSignUpWithCorrectPassword(SignUpTest.java:47)
Caused by: org.openqa.selenium.NoSuchElementException: 
no such element: Unable to locate element: {"method":"css selector","selector":"*[name='Name']"}
  (Session info: chrome=98.0.4758.82)
For documentation on this error, please visit: https://www.seleniumhq.org/exceptions/no_such_element.html
Build info: version: '3.141.59', revision: 'e82be7d358', time: '2018-11-14T08:17:03'
System info: host: 'LAPTOP-IH88F3QJ', ip: '192.168.1.33', os.name: 'Windows 10', os.arch: 'amd64', os.version: '10.0', java.version: '11.0.12'
Driver info: org.openqa.selenium.chrome.ChromeDriver
Capabilities {acceptInsecureCerts: true, browserName: chrome, browserVersion: 98.0.4758.82, chrome: {chromedriverVersion: 98.0.4758.80 (7f0488e8ba0d8..., userDataDir: C:\Users\aazhi\AppData\Loca...}, goog:chromeOptions: {debuggerAddress: localhost:51576}, javascriptEnabled: true, networkConnectionEnabled: false, pageLoadStrategy: normal, platform: WINDOWS, platformName: WINDOWS, proxy: Proxy(), setWindowRect: true, strictFileInteractability: false, timeouts: {implicit: 0, pageLoad: 300000, script: 30000}, unhandledPromptBehavior: dismiss and notify, webauthn:extension:credBlob: true, webauthn:extension:largeBlob: true, webauthn:virtualAuthenticators: true}
Session ID: 086c41d750753aa6458b4c3198d8cc1d
*** Element info: {Using=name, value=Name}
	at site.nomoreparties.stellarburgers.SignUpTest.checkSignUpWithCorrectPassword(SignUpTest.java:47)
</failure>
    <system-err><![CDATA[Starting ChromeDriver 98.0.4758.80 (7f0488e8ba0d8e019187c6325a16c29d9b7f4989-refs/branch-heads/4758@{#972}) on port 42151
Only local connections are allowed.
Please see https://chromedriver.chromium.org/security-considerations for suggestions on keeping ChromeDriver safe.
ChromeDriver was started successfully.
февр. 10, 2022 10:47:45 AM org.openqa.selenium.remote.ProtocolHandshake createSession
INFO: Detected dialect: W3C
]]></system-err>
  </testcase>
</testsuite>